<?xml version="1.0" encoding="UTF-8"?>
<!-- Generated by org.testng.reporters.JUnitXMLReporter -->
<testsuite hostname="ip-172-31-17-6" ignored="0" name="Default test" tests="3" failures="0" timestamp="2023-03-24T06:44:40 UTC" time="7.168" errors="0">
  <testcase name="Test" time="2.872" classname="com.jdbc.connectJdbc.testNg"/>
  <testcase name="Test1" time="2.129" classname="com.jdbc.connectJdbc.testNg"/>
  <testcase name="Test2" time="2.128" classname="com.jdbc.connectJdbc.testNg"/>
</testsuite> <!-- Default test -->
