<?xml version="1.0" encoding="UTF-8"?>
<!-- Generated by org.testng.reporters.JUnitXMLReporter -->
<testsuite hostname="ip-172-31-17-6" ignored="0" name="Test" tests="3" failures="0" timestamp="24 Mar 2023 11:27:21 GMT" time="8.866" errors="0">
  <testcase name="Test" time="3.578" classname="com.jdbc.connectJdbc.testNg"/>
  <testcase name="Test1" time="2.56" classname="com.jdbc.connectJdbc.testNg"/>
  <testcase name="Test2" time="2.697" classname="com.jdbc.connectJdbc.testNg"/>
</testsuite> <!-- Test -->
