<?xml version="1.0" encoding="UTF-8"?>
<testng-results skipped="0" failed="0" ignored="0" total="3" passed="3">
  <reporter-output>
  </reporter-output>
  <suite name="Suite" duration-ms="8866" started-at="2023-03-24T11:27:12Z" finished-at="2023-03-24T11:27:21Z">
    <groups>
    </groups>
    <test name="Test" duration-ms="8866" started-at="2023-03-24T11:27:12Z" finished-at="2023-03-24T11:27:21Z">
      <class name="com.jdbc.connectJdbc.testNg">
        <test-method status="PASS" signature="beforeClass()[pri:0, instance:com.jdbc.connectJdbc.testNg@13a5fe33]" name="beforeClass" is-config="true" duration-ms="12" started-at="2023-03-24T11:27:12Z" finished-at="2023-03-24T11:27:12Z">
          <reporter-output>
          </reporter-output>
        </test-method> <!-- beforeClass -->
        <test-method status="PASS" signature="Test()[pri:0, instance:com.jdbc.connectJdbc.testNg@13a5fe33]" name="Test" duration-ms="3578" started-at="2023-03-24T11:27:12Z" finished-at="2023-03-24T11:27:16Z">
          <reporter-output>
          </reporter-output>
        </test-method> <!-- Test -->
        <test-method status="PASS" signature="Test1()[pri:0, instance:com.jdbc.connectJdbc.testNg@13a5fe33]" name="Test1" duration-ms="2560" started-at="2023-03-24T11:27:16Z" finished-at="2023-03-24T11:27:18Z">
          <reporter-output>
          </reporter-output>
        </test-method> <!-- Test1 -->
        <test-method status="PASS" signature="Test2()[pri:0, instance:com.jdbc.connectJdbc.testNg@13a5fe33]" name="Test2" duration-ms="2697" started-at="2023-03-24T11:27:18Z" finished-at="2023-03-24T11:27:21Z">
          <reporter-output>
          </reporter-output>
        </test-method> <!-- Test2 -->
        <test-method status="PASS" signature="afterClass()[pri:0, instance:com.jdbc.connectJdbc.testNg@13a5fe33]" name="afterClass" is-config="true" duration-ms="0" started-at="2023-03-24T11:27:21Z" finished-at="2023-03-24T11:27:21Z">
          <reporter-output>
          </reporter-output>
        </test-method> <!-- afterClass -->
      </class> <!-- com.jdbc.connectJdbc.testNg -->
    </test> <!-- Test -->
  </suite> <!-- Suite -->
</testng-results>
