<?xml version="1.0" encoding="UTF-8"?>
<testng-results skipped="0" failed="0" ignored="0" total="3" passed="3">
  <reporter-output>
  </reporter-output>
  <suite name="Default suite" duration-ms="7168" started-at="2023-03-24T06:44:33 UTC" finished-at="2023-03-24T06:44:40 UTC">
    <groups>
    </groups>
    <test name="Default test" duration-ms="7168" started-at="2023-03-24T06:44:33 UTC" finished-at="2023-03-24T06:44:40 UTC">
      <class name="com.jdbc.connectJdbc.testNg">
        <test-method status="PASS" signature="beforeClass()[pri:0, instance:com.jdbc.connectJdbc.testNg@57f23557]" name="beforeClass" is-config="true" duration-ms="6" started-at="2023-03-24T06:44:33 UTC" finished-at="2023-03-24T06:44:33 UTC">
          <reporter-output>
          </reporter-output>
        </test-method> <!-- beforeClass -->
        <test-method status="PASS" signature="Test()[pri:0, instance:com.jdbc.connectJdbc.testNg@57f23557]" name="Test" duration-ms="2872" started-at="2023-03-24T06:44:33 UTC" finished-at="2023-03-24T06:44:36 UTC">
          <reporter-output>
          </reporter-output>
        </test-method> <!-- Test -->
        <test-method status="PASS" signature="Test1()[pri:0, instance:com.jdbc.connectJdbc.testNg@57f23557]" name="Test1" duration-ms="2129" started-at="2023-03-24T06:44:36 UTC" finished-at="2023-03-24T06:44:38 UTC">
          <reporter-output>
          </reporter-output>
        </test-method> <!-- Test1 -->
        <test-method status="PASS" signature="Test2()[pri:0, instance:com.jdbc.connectJdbc.testNg@57f23557]" name="Test2" duration-ms="2128" started-at="2023-03-24T06:44:38 UTC" finished-at="2023-03-24T06:44:40 UTC">
          <reporter-output>
          </reporter-output>
        </test-method> <!-- Test2 -->
        <test-method status="PASS" signature="afterClass()[pri:0, instance:com.jdbc.connectJdbc.testNg@57f23557]" name="afterClass" is-config="true" duration-ms="0" started-at="2023-03-24T06:44:40 UTC" finished-at="2023-03-24T06:44:40 UTC">
          <reporter-output>
          </reporter-output>
        </test-method> <!-- afterClass -->
      </class> <!-- com.jdbc.connectJdbc.testNg -->
    </test> <!-- Default test -->
  </suite> <!-- Default suite -->
</testng-results>
